commit at Tue Feb  4 13:02:11 UTC 2025
commit at Wed Feb  5 13:02:45 UTC 2025
commit at Thu Feb  6 13:02:59 UTC 2025
commit at Fri Feb  7 13:01:17 UTC 2025
commit at Sat Feb  8 12:56:31 UTC 2025
commit at Sun Feb  9 12:55:48 UTC 2025
commit at Mon Feb 10 13:02:43 UTC 2025
commit at Tue Feb 11 13:02:57 UTC 2025
commit at Wed Feb 12 13:02:49 UTC 2025
commit at Thu Feb 13 13:03:19 UTC 2025
commit at Fri Feb 14 13:01:26 UTC 2025
commit at Sat Feb 15 12:56:30 UTC 2025
commit at Sun Feb 16 12:58:56 UTC 2025
commit at Mon Feb 17 13:04:16 UTC 2025
commit at Tue Feb 18 13:02:07 UTC 2025
commit at Wed Feb 19 13:01:59 UTC 2025
commit at Thu Feb 20 13:03:46 UTC 2025
commit at Fri Feb 21 13:02:43 UTC 2025
commit at Sat Feb 22 12:56:54 UTC 2025
commit at Sun Feb 23 12:58:30 UTC 2025
commit at Mon Feb 24 13:04:42 UTC 2025
commit at Tue Feb 25 13:04:24 UTC 2025
commit at Wed Feb 26 13:04:25 UTC 2025
commit at Thu Feb 27 13:04:52 UTC 2025
commit at Fri Feb 28 13:03:31 UTC 2025
commit at Sat Mar  1 12:59:05 UTC 2025
commit at Sun Mar  2 12:58:03 UTC 2025
commit at Mon Mar  3 13:05:08 UTC 2025
commit at Tue Mar  4 13:04:55 UTC 2025
commit at Wed Mar  5 13:05:47 UTC 2025
commit at Thu Mar  6 12:18:30 UTC 2025
commit at Fri Mar  7 12:17:52 UTC 2025
commit at Sat Mar  8 12:13:04 UTC 2025
commit at Sun Mar  9 12:13:09 UTC 2025
commit at Mon Mar 10 12:18:57 UTC 2025
commit at Tue Mar 11 12:19:01 UTC 2025
commit at Wed Mar 12 12:18:36 UTC 2025
commit at Thu Mar 13 12:19:07 UTC 2025
commit at Fri Mar 14 12:17:58 UTC 2025
commit at Sat Mar 15 12:16:24 UTC 2025
commit at Sun Mar 16 12:16:12 UTC 2025
commit at Mon Mar 17 12:19:12 UTC 2025
commit at Tue Mar 18 12:19:08 UTC 2025
commit at Wed Mar 19 12:18:31 UTC 2025
